<?xml version="1.0" encoding="UTF-8"?>
<testsuite name="com.ait.phonebooks.tests.LoginTests" tests="2" skipped="0" failures="0" errors="0" timestamp="2023-11-30T00:57:36" hostname="PORTISHEAD-PC" time="2.732">
  <properties/>
  <testcase name="loginRegisteredUserNegativeTestWithoutEmail" classname="com.ait.phonebooks.tests.LoginTests" time="1.782"/>
  <testcase name="loginRegisteredUserPositiveTest" classname="com.ait.phonebooks.tests.LoginTests" time="0.945"/>
  <system-out><![CDATA[]]></system-out>
  <system-err><![CDATA[]]></system-err>
</testsuite>
