<?xml version="1.0" encoding="UTF-8"?>
<testsuite name="com.ait.phonebooks.tests.RemoveContactTest" tests="1" skipped="0" failures="0" errors="0" timestamp="2023-11-30T00:57:52" hostname="PORTISHEAD-PC" time="11.549">
  <properties/>
  <testcase name="removeContactPositiveTest" classname="com.ait.phonebooks.tests.RemoveContactTest" time="11.549"/>
  <system-out><![CDATA[1
]]></system-out>
  <system-err><![CDATA[]]></system-err>
</testsuite>
