<?xml version="1.0" encoding="UTF-8"?>
<testsuite name="com.ait.demowebshop.tests.HomePageTestsDWS" tests="1" skipped="0" failures="0" errors="0" timestamp="2023-11-30T00:57:09" hostname="PORTISHEAD-PC" time="0.004">
  <properties/>
  <testcase name="isHomeComponentPresentTest" classname="com.ait.demowebshop.tests.HomePageTestsDWS" time="0.004"/>
  <system-out><![CDATA[]]></system-out>
  <system-err><![CDATA[]]></system-err>
</testsuite>
