<?xml version="1.0" encoding="UTF-8"?>
<testsuite name="com.ait.demowebshop.tests.CreateAccountTestsDWS" tests="2" skipped="0" failures="0" errors="0" timestamp="2023-11-30T00:57:01" hostname="PORTISHEAD-PC" time="8.124">
  <properties/>
  <testcase name="registerExistedUserNegativeTest" classname="com.ait.demowebshop.tests.CreateAccountTestsDWS" time="2.29"/>
  <testcase name="registerNewUserPositiveTest" classname="com.ait.demowebshop.tests.CreateAccountTestsDWS" time="2.332"/>
  <system-out><![CDATA[]]></system-out>
  <system-err><![CDATA[]]></system-err>
</testsuite>
